<?xml version="1.0" encoding="UTF-8"?>
<!-- Generated by org.testng.reporters.JUnitReportReporter -->
<testsuite hostname="Dell" failures="0" tests="5" name="tests.Testing1" time="0.016" errors="0" timestamp="11 Sep. 2021 22:41:57 GMT" skipped="0">
  <testcase classname="tests.Testing1" name="f" time="0.003"/>
  <testcase classname="tests.Testing1" name="test1" time="0.002"/>
  <testcase classname="tests.Testing1" name="f" time="0.002"/>
  <testcase classname="tests.Testing1" name="test3" time="0.008"/>
  <testcase classname="tests.Testing1" name="test2" time="0.001"/>
</testsuite> <!-- tests.Testing1 -->
