<?xml version="1.0" encoding="UTF-8"?>
<!-- Generated by org.testng.reporters.JUnitReportReporter -->
<testsuite hostname="Dell" failures="0" tests="1" name="tests.AppTest" time="0.012" errors="0" timestamp="11 Sep. 2021 22:41:57 GMT" skipped="0">
  <testcase classname="tests.AppTest" name="shouldAnswerWithTrue" time="0.012"/>
</testsuite> <!-- tests.AppTest -->
