<?xml version="1.0" encoding="UTF-8"?>
<!-- Generated by org.testng.reporters.JUnitReportReporter -->
<testsuite hostname="Dell" failures="0" tests="5" name="tests.Testing1" time="0.031" errors="0" timestamp="2022-01-22T17:15:50 EST" skipped="0">
  <testcase classname="tests.Testing1" name="f" time="0.010"/>
  <system-out/>
  <testcase classname="tests.Testing1" name="f" time="0.007"/>
  <system-out/>
  <testcase classname="tests.Testing1" name="test1" time="0.006"/>
  <system-out/>
  <testcase classname="tests.Testing1" name="test2" time="0.004"/>
  <system-out/>
  <testcase classname="tests.Testing1" name="test3" time="0.004"/>
  <system-out/>
</testsuite> <!-- tests.Testing1 -->
