<?xml version="1.0" encoding="UTF-8"?>
<!-- Generated by org.testng.reporters.JUnitReportReporter -->
<testsuite hostname="Dell" failures="0" tests="2" name="tests.Testing2" time="0.013" errors="0" timestamp="2021-09-04T10:37:23 EDT" skipped="0">
  <testcase classname="tests.Testing2" name="test4" time="0.009"/>
  <system-out/>
  <testcase classname="tests.Testing2" name="test5" time="0.004"/>
  <system-out/>
</testsuite> <!-- tests.Testing2 -->
